2023-09-24 04:42:54,938 - Initializing Velocity, Calling init()...
2023-09-24 04:42:54,938 - Starting Apache Velocity v1.7 (compiled: 2010-11-19 12:14:37)
2023-09-24 04:42:54,938 - Default Properties File: org\apache\velocity\runtime\defaults\velocity.properties
2023-09-24 04:42:54,938 - Trying to use logger class org.apache.velocity.runtime.log.AvalonLogChute
2023-09-24 04:42:54,938 - Target log system for org.apache.velocity.runtime.log.AvalonLogChute is not available (java.lang.NoClassDefFoundError: org/apache/log/format/Formatter).  Falling back to next log system...
2023-09-24 04:42:54,938 - Trying to use logger class org.apache.velocity.runtime.log.Log4JLogChute
2023-09-24 04:42:54,938 - Using logger class org.apache.velocity.runtime.log.Log4JLogChute
2023-09-24 04:42:54,938 - ResourceLoader instantiated: org.apache.velocity.runtime.resource.loader.FileResourceLoader
2023-09-24 04:42:54,953 - Do unicode file recognition:  false
2023-09-24 04:42:54,953 - FileResourceLoader : adding path '.'
2023-09-24 04:42:54,953 - ResourceLoader instantiated: org.apache.velocity.runtime.resource.loader.ClasspathResourceLoader
2023-09-24 04:42:54,953 - ResourceCache: initialized (class org.apache.velocity.runtime.resource.ResourceCacheImpl) with class java.util.Collections$SynchronizedMap cache map.
2023-09-24 04:42:54,953 - Loaded System Directive: org.apache.velocity.runtime.directive.Stop
2023-09-24 04:42:54,953 - Loaded System Directive: org.apache.velocity.runtime.directive.Define
2023-09-24 04:42:54,953 - Loaded System Directive: org.apache.velocity.runtime.directive.Break
2023-09-24 04:42:54,953 - Loaded System Directive: org.apache.velocity.runtime.directive.Evaluate
2023-09-24 04:42:54,953 - Loaded System Directive: org.apache.velocity.runtime.directive.Literal
2023-09-24 04:42:54,953 - Loaded System Directive: org.apache.velocity.runtime.directive.Macro
2023-09-24 04:42:54,953 - Loaded System Directive: org.apache.velocity.runtime.directive.Parse
2023-09-24 04:42:54,966 - Loaded System Directive: org.apache.velocity.runtime.directive.Include
2023-09-24 04:42:54,966 - Loaded System Directive: org.apache.velocity.runtime.directive.Foreach
2023-09-24 04:42:54,985 - Created '20' parsers.
2023-09-24 04:42:54,985 - Velocimacro : "velocimacro.library" is not set.  Trying default library: VM_global_library.vm
2023-09-24 04:42:54,985 - Could not load resource 'VM_global_library.vm' from ResourceLoader org.apache.velocity.runtime.resource.loader.ClasspathResourceLoader: ClasspathResourceLoader Error: cannot find resource VM_global_library.vm
2023-09-24 04:42:54,985 - Velocimacro : Default library not found.
2023-09-24 04:42:54,985 - Velocimacro : allowInline = true : VMs can be defined inline in templates
2023-09-24 04:42:54,985 - Velocimacro : allowInlineToOverride = false : VMs defined inline may NOT replace previous VM definitions
2023-09-24 04:42:54,985 - Velocimacro : allowInlineLocal = false : VMs defined inline will be global in scope if allowed.
2023-09-24 04:42:54,985 - Velocimacro : autoload off : VM system will not automatically reload global library macros
2023-09-24 04:42:54,985 - Log4JLogChute initialized using file 'velocity.log'
2023-09-24 04:42:54,985 - Initializing Velocity, Calling init()...
2023-09-24 04:42:54,985 - Starting Apache Velocity v1.7 (compiled: 2010-11-19 12:14:37)
2023-09-24 04:42:54,985 - Default Properties File: org\apache\velocity\runtime\defaults\velocity.properties
2023-09-24 04:42:54,985 - Trying to use logger class org.apache.velocity.runtime.log.AvalonLogChute
2023-09-24 04:42:54,985 - Target log system for org.apache.velocity.runtime.log.AvalonLogChute is not available (java.lang.NoClassDefFoundError: org/apache/log/format/Formatter).  Falling back to next log system...
2023-09-24 04:42:54,985 - Trying to use logger class org.apache.velocity.runtime.log.Log4JLogChute
2023-09-24 04:42:54,985 - Using logger class org.apache.velocity.runtime.log.Log4JLogChute
2023-09-24 04:42:54,985 - ResourceLoader instantiated: org.apache.velocity.runtime.resource.loader.FileResourceLoader
2023-09-24 04:42:54,985 - Do unicode file recognition:  false
2023-09-24 04:42:54,985 - FileResourceLoader : adding path '.'
2023-09-24 04:42:54,985 - ResourceLoader instantiated: org.apache.velocity.runtime.resource.loader.ClasspathResourceLoader
2023-09-24 04:42:54,985 - ResourceCache: initialized (class org.apache.velocity.runtime.resource.ResourceCacheImpl) with class java.util.Collections$SynchronizedMap cache map.
2023-09-24 04:42:54,985 - Loaded System Directive: org.apache.velocity.runtime.directive.Stop
2023-09-24 04:42:54,985 - Loaded System Directive: org.apache.velocity.runtime.directive.Define
2023-09-24 04:42:54,985 - Loaded System Directive: org.apache.velocity.runtime.directive.Break
2023-09-24 04:42:54,985 - Loaded System Directive: org.apache.velocity.runtime.directive.Evaluate
2023-09-24 04:42:54,985 - Loaded System Directive: org.apache.velocity.runtime.directive.Literal
2023-09-24 04:42:54,985 - Loaded System Directive: org.apache.velocity.runtime.directive.Macro
2023-09-24 04:42:54,985 - Loaded System Directive: org.apache.velocity.runtime.directive.Parse
2023-09-24 04:42:54,985 - Loaded System Directive: org.apache.velocity.runtime.directive.Include
2023-09-24 04:42:54,985 - Loaded System Directive: org.apache.velocity.runtime.directive.Foreach
2023-09-24 04:42:54,985 - Created '20' parsers.
2023-09-24 04:42:54,985 - Velocimacro : "velocimacro.library" is not set.  Trying default library: VM_global_library.vm
2023-09-24 04:42:54,985 - Could not load resource 'VM_global_library.vm' from ResourceLoader org.apache.velocity.runtime.resource.loader.ClasspathResourceLoader: ClasspathResourceLoader Error: cannot find resource VM_global_library.vm
2023-09-24 04:42:54,985 - Velocimacro : Default library not found.
2023-09-24 04:42:54,985 - Velocimacro : allowInline = true : VMs can be defined inline in templates
2023-09-24 04:42:54,985 - Velocimacro : allowInlineToOverride = false : VMs defined inline may NOT replace previous VM definitions
2023-09-24 04:42:54,985 - Velocimacro : allowInlineLocal = false : VMs defined inline will be global in scope if allowed.
2023-09-24 04:42:54,985 - Velocimacro : autoload off : VM system will not automatically reload global library macros
09-24 04:42:54,985 - Velocimacro : allowInlineLocal = false : VMs defined inline will be global in scope if allowed.
2023-09-24 04:42:54,985 - Velocimacro : autoload off : VM system will not automatically reload global library macros
2023-09-24 06:47:20,788 - Log4JLogChute initialized using file 'velocity.log'
2023-09-24 06:47:20,788 - Initializing Velocity, Calling init()...
2023-09-24 06:47:20,788 - Starting Apache Velocity v1.7 (compiled: 2010-11-19 12:14:37)
2023-09-24 06:47:20,788 - Default Properties File: org\apache\velocity\runtime\defaults\velocity.properties
2023-09-24 06:47:20,788 - Trying to use logger class org.apache.velocity.runtime.log.AvalonLogChute
2023-09-24 06:47:20,788 - Target log system for org.apache.velocity.runtime.log.AvalonLogChute is not available (java.lang.NoClassDefFoundError: org/apache/log/format/Formatter).  Falling back to next log system...
2023-09-24 06:47:20,788 - Trying to use logger class org.apache.velocity.runtime.log.Log4JLogChute
2023-09-24 06:47:20,788 - Using logger class org.apache.velocity.runtime.log.Log4JLogChute
2023-09-24 06:47:20,798 - ResourceLoader instantiated: org.apache.velocity.runtime.resource.loader.FileResourceLoader
2023-09-24 06:47:20,798 - Do unicode file recognition:  false
2023-09-24 06:47:20,798 - FileResourceLoader : adding path '.'
2023-09-24 06:47:20,798 - ResourceLoader instantiated: org.apache.velocity.runtime.resource.loader.ClasspathResourceLoader
2023-09-24 06:47:20,798 - ResourceCache: initialized (class org.apache.velocity.runtime.resource.ResourceCacheImpl) with class java.util.Collections$SynchronizedMap cache map.
2023-09-24 06:47:20,798 - Loaded System Directive: org.apache.velocity.runtime.directive.Stop
2023-09-24 06:47:20,798 - Loaded System Directive: org.apache.velocity.runtime.directive.Define
2023-09-24 06:47:20,798 - Loaded System Directive: org.apache.velocity.runtime.directive.Break
2023-09-24 06:47:20,798 - Loaded System Directive: org.apache.velocity.runtime.directive.Evaluate
2023-09-24 06:47:20,798 - Loaded System Directive: org.apache.velocity.runtime.directive.Literal
2023-09-24 06:47:20,798 - Loaded System Directive: org.apache.velocity.runtime.directive.Macro
2023-09-24 06:47:20,798 - Loaded System Directive: org.apache.velocity.runtime.directive.Parse
2023-09-24 06:47:20,798 - Loaded System Directive: org.apache.velocity.runtime.directive.Include
2023-09-24 06:47:20,798 - Loaded System Directive: org.apache.velocity.runtime.directive.Foreach
2023-09-24 06:47:20,830 - Created '20' parsers.
2023-09-24 06:47:20,830 - Velocimacro : "velocimacro.library" is not set.  Trying default library: VM_global_library.vm
2023-09-24 06:47:20,830 - Could not load resource 'VM_global_library.vm' from ResourceLoader org.apache.velocity.runtime.resource.loader.ClasspathResourceLoader: ClasspathResourceLoader Error: cannot find resource VM_global_library.vm
2023-09-24 06:47:20,830 - Velocimacro : Default library not found.
2023-09-24 06:47:20,830 - Velocimacro : allowInline = true : VMs can be defined inline in templates
2023-09-24 06:47:20,830 - Velocimacro : allowInlineToOverride = false : VMs defined inline may NOT replace previous VM definitions
2023-09-24 06:47:20,830 - Velocimacro : allowInlineLocal = false : VMs defined inline will be global in scope if allowed.
2023-09-24 06:47:20,830 - Velocimacro : autoload off : VM system will not automatically reload global library macros
2023-09-24 06:47:20,830 - Log4JLogChute initialized using file 'velocity.log'
2023-09-24 06:47:20,830 - Log4JLogChute initialized using file 'velocity.log'
2023-09-24 06:47:20,830 - Initializing Velocity, Calling init()...
2023-09-24 06:47:20,830 - Initializing Velocity, Calling init()...
2023-09-24 06:47:20,830 - Starting Apache Velocity v1.7 (compiled: 2010-11-19 12:14:37)
2023-09-24 06:47:20,830 - Starting Apache Velocity v1.7 (compiled: 2010-11-19 12:14:37)
2023-09-24 06:47:20,830 - Default Properties File: org\apache\velocity\runtime\defaults\velocity.properties
2023-09-24 06:47:20,830 - Default Properties File: org\apache\velocity\runtime\defaults\velocity.properties
2023-09-24 06:47:20,830 - Trying to use logger class org.apache.velocity.runtime.log.AvalonLogChute
2023-09-24 06:47:20,830 - Trying to use logger class org.apache.velocity.runtime.log.AvalonLogChute
2023-09-24 06:47:20,830 - Target log system for org.apache.velocity.runtime.log.AvalonLogChute is not available (java.lang.NoClassDefFoundError: org/apache/log/format/Formatter).  Falling back to next log system...
2023-09-24 06:47:20,830 - Target log system for org.apache.velocity.runtime.log.AvalonLogChute is not available (java.lang.NoClassDefFoundError: org/apache/log/format/Formatter).  Falling back to next log system...
2023-09-24 06:47:20,830 - Trying to use logger class org.apache.velocity.runtime.log.Log4JLogChute
2023-09-24 06:47:20,830 - Trying to use logger class org.apache.velocity.runtime.log.Log4JLogChute
2023-09-24 06:47:20,830 - Using logger class org.apache.velocity.runtime.log.Log4JLogChute
2023-09-24 06:47:20,830 - Using logger class org.apache.velocity.runtime.log.Log4JLogChute
2023-09-24 06:47:20,830 - ResourceLoader instantiated: org.apache.velocity.runtime.resource.loader.FileResourceLoader
2023-09-24 06:47:20,830 - ResourceLoader instantiated: org.apache.velocity.runtime.resource.loader.FileResourceLoader
2023-09-24 06:47:20,830 - Do unicode file recognition:  false
2023-09-24 06:47:20,830 - Do unicode file recognition:  false
2023-09-24 06:47:20,830 - FileResourceLoader : adding path '.'
2023-09-24 06:47:20,830 - FileResourceLoader : adding path '.'
2023-09-24 06:47:20,830 - ResourceLoader instantiated: org.apache.velocity.runtime.resource.loader.ClasspathResourceLoader
2023-09-24 06:47:20,830 - ResourceLoader instantiated: org.apache.velocity.runtime.resource.loader.ClasspathResourceLoader
2023-09-24 06:47:20,830 - ResourceCache: initialized (class org.apache.velocity.runtime.resource.ResourceCacheImpl) with class java.util.Collections$SynchronizedMap cache map.
2023-09-24 06:47:20,830 - ResourceCache: initialized (class org.apache.velocity.runtime.resource.ResourceCacheImpl) with class java.util.Collections$SynchronizedMap cache map.
2023-09-24 06:47:20,830 - Loaded System Directive: org.apache.velocity.runtime.directive.Stop
2023-09-24 06:47:20,830 - Loaded System Directive: org.apache.velocity.runtime.directive.Stop
2023-09-24 06:47:20,830 - Loaded System Directive: org.apache.velocity.runtime.directive.Define
2023-09-24 06:47:20,830 - Loaded System Directive: org.apache.velocity.runtime.directive.Define
2023-09-24 06:47:20,830 - Loaded System Directive: org.apache.velocity.runtime.directive.Break
2023-09-24 06:47:20,830 - Loaded System Directive: org.apache.velocity.runtime.directive.Break
2023-09-24 06:47:20,830 - Loaded System Directive: org.apache.velocity.runtime.directive.Evaluate
2023-09-24 06:47:20,830 - Loaded System Directive: org.apache.velocity.runtime.directive.Evaluate
2023-09-24 06:47:20,830 - Loaded System Directive: org.apache.velocity.runtime.directive.Literal
2023-09-24 06:47:20,830 - Loaded System Directive: org.apache.velocity.runtime.directive.Literal
2023-09-24 06:47:20,830 - Loaded System Directive: org.apache.velocity.runtime.directive.Macro
2023-09-24 06:47:20,830 - Loaded System Directive: org.apache.velocity.runtime.directive.Macro
2023-09-24 06:47:20,830 - Loaded System Directive: org.apache.velocity.runtime.directive.Parse
2023-09-24 06:47:20,830 - Loaded System Directive: org.apache.velocity.runtime.directive.Parse
2023-09-24 06:47:20,830 - Loaded System Directive: org.apache.velocity.runtime.directive.Include
2023-09-24 06:47:20,830 - Loaded System Directive: org.apache.velocity.runtime.directive.Include
2023-09-24 06:47:20,830 - Loaded System Directive: org.apache.velocity.runtime.directive.Foreach
2023-09-24 06:47:20,830 - Loaded System Directive: org.apache.velocity.runtime.directive.Foreach
2023-09-24 06:47:20,830 - Created '20' parsers.
2023-09-24 06:47:20,830 - Created '20' parsers.
2023-09-24 06:47:20,830 - Velocimacro : "velocimacro.library" is not set.  Trying default library: VM_global_library.vm
2023-09-24 06:47:20,830 - Velocimacro : "velocimacro.library" is not set.  Trying default library: VM_global_library.vm
2023-09-24 06:47:20,830 - Could not load resource 'VM_global_library.vm' from ResourceLoader org.apache.velocity.runtime.resource.loader.ClasspathResourceLoader: ClasspathResourceLoader Error: cannot find resource VM_global_library.vm
2023-09-24 06:47:20,830 - Could not load resource 'VM_global_library.vm' from ResourceLoader org.apache.velocity.runtime.resource.loader.ClasspathResourceLoader: ClasspathResourceLoader Error: cannot find resource VM_global_library.vm
2023-09-24 06:47:20,830 - Velocimacro : Default library not found.
2023-09-24 06:47:20,830 - Velocimacro : Default library not found.
2023-09-24 06:47:20,830 - Velocimacro : allowInline = true : VMs can be defined inline in templates
2023-09-24 06:47:20,830 - Velocimacro : allowInline = true : VMs can be defined inline in templates
2023-09-24 06:47:20,830 - Velocimacro : allowInlineToOverride = false : VMs defined inline may NOT replace previous VM definitions
2023-09-24 06:47:20,830 - Velocimacro : allowInlineToOverride = false : VMs defined inline may NOT replace previous VM definitions
2023-09-24 06:47:20,830 - Velocimacro : allowInlineLocal = false : VMs defined inline will be global in scope if allowed.
2023-09-24 06:47:20,830 - Velocimacro : allowInlineLocal = false : VMs defined inline will be global in scope if allowed.
2023-09-24 06:47:20,830 - Velocimacro : autoload off : VM system will not automatically reload global library macros
2023-09-24 06:47:20,830 - Velocimacro : autoload off : VM system will not automatically reload global library macros
2023-09-24 08:23:41,709 - Log4JLogChute initialized using file 'velocity.log'
2023-09-24 08:23:41,709 - Initializing Velocity, Calling init()...
2023-09-24 08:23:41,709 - Starting Apache Velocity v1.7 (compiled: 2010-11-19 12:14:37)
2023-09-24 08:23:41,709 - Default Properties File: org\apache\velocity\runtime\defaults\velocity.properties
2023-09-24 08:23:41,709 - Trying to use logger class org.apache.velocity.runtime.log.AvalonLogChute
2023-09-24 08:23:41,709 - Target log system for org.apache.velocity.runtime.log.AvalonLogChute is not available (java.lang.NoClassDefFoundError: org/apache/log/format/Formatter).  Falling back to next log system...
2023-09-24 08:23:41,709 - Trying to use logger class org.apache.velocity.runtime.log.Log4JLogChute
2023-09-24 08:23:41,709 - Using logger class org.apache.velocity.runtime.log.Log4JLogChute
2023-09-24 08:23:41,709 - ResourceLoader instantiated: org.apache.velocity.runtime.resource.loader.FileResourceLoader
2023-09-24 08:23:41,709 - Do unicode file recognition:  false
2023-09-24 08:23:41,709 - FileResourceLoader : adding path '.'
2023-09-24 08:23:41,709 - ResourceLoader instantiated: org.apache.velocity.runtime.resource.loader.ClasspathResourceLoader
2023-09-24 08:23:41,724 - ResourceCache: initialized (class org.apache.velocity.runtime.resource.ResourceCacheImpl) with class java.util.Collections$SynchronizedMap cache map.
2023-09-24 08:23:41,724 - Loaded System Directive: org.apache.velocity.runtime.directive.Stop
2023-09-24 08:23:41,724 - Loaded System Directive: org.apache.velocity.runtime.directive.Define
2023-09-24 08:23:41,724 - Loaded System Directive: org.apache.velocity.runtime.directive.Break
2023-09-24 08:23:41,724 - Loaded System Directive: org.apache.velocity.runtime.directive.Evaluate
2023-09-24 08:23:41,724 - Loaded System Directive: org.apache.velocity.runtime.directive.Literal
2023-09-24 08:23:41,724 - Loaded System Directive: org.apache.velocity.runtime.directive.Macro
2023-09-24 08:23:41,724 - Loaded System Directive: org.apache.velocity.runtime.directive.Parse
2023-09-24 08:23:41,724 - Loaded System Directive: org.apache.velocity.runtime.directive.Include
2023-09-24 08:23:41,724 - Loaded System Directive: org.apache.velocity.runtime.directive.Foreach
2023-09-24 08:23:41,756 - Created '20' parsers.
2023-09-24 08:23:41,756 - Velocimacro : "velocimacro.library" is not set.  Trying default library: VM_global_library.vm
2023-09-24 08:23:41,756 - Could not load resource 'VM_global_library.vm' from ResourceLoader org.apache.velocity.runtime.resource.loader.ClasspathResourceLoader: ClasspathResourceLoader Error: cannot find resource VM_global_library.vm
2023-09-24 08:23:41,756 - Velocimacro : Default library not found.
2023-09-24 08:23:41,756 - Velocimacro : allowInline = true : VMs can be defined inline in templates
2023-09-24 08:23:41,756 - Velocimacro : allowInlineToOverride = false : VMs defined inline may NOT replace previous VM definitions
2023-09-24 08:23:41,756 - Velocimacro : allowInlineLocal = false : VMs defined inline will be global in scope if allowed.
2023-09-24 08:23:41,756 - Velocimacro : autoload off : VM system will not automatically reload global library macros
2023-09-24 08:23:41,756 - Log4JLogChute initialized using file 'velocity.log'
2023-09-24 08:23:41,756 - Log4JLogChute initialized using file 'velocity.log'
2023-09-24 08:23:41,756 - Initializing Velocity, Calling init()...
2023-09-24 08:23:41,756 - Initializing Velocity, Calling init()...
2023-09-24 08:23:41,756 - Starting Apache Velocity v1.7 (compiled: 2010-11-19 12:14:37)
2023-09-24 08:23:41,756 - Starting Apache Velocity v1.7 (compiled: 2010-11-19 12:14:37)
2023-09-24 08:23:41,756 - Default Properties File: org\apache\velocity\runtime\defaults\velocity.properties
2023-09-24 08:23:41,756 - Default Properties File: org\apache\velocity\runtime\defaults\velocity.properties
2023-09-24 08:23:41,756 - Trying to use logger class org.apache.velocity.runtime.log.AvalonLogChute
2023-09-24 08:23:41,756 - Trying to use logger class org.apache.velocity.runtime.log.AvalonLogChute
2023-09-24 08:23:41,756 - Target log system for org.apache.velocity.runtime.log.AvalonLogChute is not available (java.lang.NoClassDefFoundError: org/apache/log/format/Formatter).  Falling back to next log system...
2023-09-24 08:23:41,756 - Target log system for org.apache.velocity.runtime.log.AvalonLogChute is not available (java.lang.NoClassDefFoundError: org/apache/log/format/Formatter).  Falling back to next log system...
2023-09-24 08:23:41,756 - Trying to use logger class org.apache.velocity.runtime.log.Log4JLogChute
2023-09-24 08:23:41,756 - Trying to use logger class org.apache.velocity.runtime.log.Log4JLogChute
2023-09-24 08:23:41,756 - Using logger class org.apache.velocity.runtime.log.Log4JLogChute
2023-09-24 08:23:41,756 - Using logger class org.apache.velocity.runtime.log.Log4JLogChute
2023-09-24 08:23:41,756 - ResourceLoader instantiated: org.apache.velocity.runtime.resource.loader.FileResourceLoader
2023-09-24 08:23:41,756 - ResourceLoader instantiated: org.apache.velocity.runtime.resource.loader.FileResourceLoader
2023-09-24 08:23:41,756 - Do unicode file recognition:  false
2023-09-24 08:23:41,756 - Do unicode file recognition:  false
2023-09-24 08:23:41,756 - FileResourceLoader : adding path '.'
2023-09-24 08:23:41,756 - FileResourceLoader : adding path '.'
2023-09-24 08:23:41,756 - ResourceLoader instantiated: org.apache.velocity.runtime.resource.loader.ClasspathResourceLoader
2023-09-24 08:23:41,756 - ResourceLoader instantiated: org.apache.velocity.runtime.resource.loader.ClasspathResourceLoader
2023-09-24 08:23:41,756 - ResourceCache: initialized (class org.apache.velocity.runtime.resource.ResourceCacheImpl) with class java.util.Collections$SynchronizedMap cache map.
2023-09-24 08:23:41,756 - ResourceCache: initialized (class org.apache.velocity.runtime.resource.ResourceCacheImpl) with class java.util.Collections$SynchronizedMap cache map.
2023-09-24 08:23:41,756 - Loaded System Directive: org.apache.velocity.runtime.directive.Stop
2023-09-24 08:23:41,756 - Loaded System Directive: org.apache.velocity.runtime.directive.Stop
2023-09-24 08:23:41,756 - Loaded System Directive: org.apache.velocity.runtime.directive.Define
2023-09-24 08:23:41,756 - Loaded System Directive: org.apache.velocity.runtime.directive.Define
2023-09-24 08:23:41,756 - Loaded System Directive: org.apache.velocity.runtime.directive.Break
2023-09-24 08:23:41,756 - Loaded System Directive: org.apache.velocity.runtime.directive.Break
2023-09-24 08:23:41,756 - Loaded System Directive: org.apache.velocity.runtime.directive.Evaluate
2023-09-24 08:23:41,756 - Loaded System Directive: org.apache.velocity.runtime.directive.Evaluate
2023-09-24 08:23:41,756 - Loaded System Directive: org.apache.velocity.runtime.directive.Literal
2023-09-24 08:23:41,756 - Loaded System Directive: org.apache.velocity.runtime.directive.Literal
2023-09-24 08:23:41,756 - Loaded System Directive: org.apache.velocity.runtime.directive.Macro
2023-09-24 08:23:41,756 - Loaded System Directive: org.apache.velocity.runtime.directive.Macro
2023-09-24 08:23:41,756 - Loaded System Directive: org.apache.velocity.runtime.directive.Parse
2023-09-24 08:23:41,756 - Loaded System Directive: org.apache.velocity.runtime.directive.Parse
2023-09-24 08:23:41,756 - Loaded System Directive: org.apache.velocity.runtime.directive.Include
2023-09-24 08:23:41,756 - Loaded System Directive: org.apache.velocity.runtime.directive.Include
2023-09-24 08:23:41,756 - Loaded System Directive: org.apache.velocity.runtime.directive.Foreach
2023-09-24 08:23:41,756 - Loaded System Directive: org.apache.velocity.runtime.directive.Foreach
2023-09-24 08:23:41,756 - Created '20' parsers.
2023-09-24 08:23:41,756 - Created '20' parsers.
2023-09-24 08:23:41,756 - Velocimacro : "velocimacro.library" is not set.  Trying default library: VM_global_library.vm
2023-09-24 08:23:41,756 - Velocimacro : "velocimacro.library" is not set.  Trying default library: VM_global_library.vm
2023-09-24 08:23:41,756 - Could not load resource 'VM_global_library.vm' from ResourceLoader org.apache.velocity.runtime.resource.loader.ClasspathResourceLoader: ClasspathResourceLoader Error: cannot find resource VM_global_library.vm
2023-09-24 08:23:41,756 - Could not load resource 'VM_global_library.vm' from ResourceLoader org.apache.velocity.runtime.resource.loader.ClasspathResourceLoader: ClasspathResourceLoader Error: cannot find resource VM_global_library.vm
2023-09-24 08:23:41,756 - Velocimacro : Default library not found.
2023-09-24 08:23:41,756 - Velocimacro : Default library not found.
2023-09-24 08:23:41,756 - Velocimacro : allowInline = true : VMs can be defined inline in templates
2023-09-24 08:23:41,756 - Velocimacro : allowInline = true : VMs can be defined inline in templates
2023-09-24 08:23:41,756 - Velocimacro : allowInlineToOverride = false : VMs defined inline may NOT replace previous VM definitions
2023-09-24 08:23:41,756 - Velocimacro : allowInlineToOverride = false : VMs defined inline may NOT replace previous VM definitions
2023-09-24 08:23:41,756 - Velocimacro : allowInlineLocal = false : VMs defined inline will be global in scope if allowed.
2023-09-24 08:23:41,756 - Velocimacro : allowInlineLocal = false : VMs defined inline will be global in scope if allowed.
2023-09-24 08:23:41,756 - Velocimacro : autoload off : VM system will not automatically reload global library macros
2023-09-24 08:23:41,756 - Velocimacro : autoload off : VM system will not automatically reload global library macros
2023-09-25 09:01:03,725 - Log4JLogChute initialized using file 'velocity.log'
2023-09-25 09:01:03,725 - Initializing Velocity, Calling init()...
2023-09-25 09:01:03,725 - Starting Apache Velocity v1.7 (compiled: 2010-11-19 12:14:37)
2023-09-25 09:01:03,725 - Default Properties File: org\apache\velocity\runtime\defaults\velocity.properties
2023-09-25 09:01:03,725 - Trying to use logger class org.apache.velocity.runtime.log.AvalonLogChute
2023-09-25 09:01:03,725 - Target log system for org.apache.velocity.runtime.log.AvalonLogChute is not available (java.lang.NoClassDefFoundError: org/apache/log/format/Formatter).  Falling back to next log system...
2023-09-25 09:01:03,725 - Trying to use logger class org.apache.velocity.runtime.log.Log4JLogChute
2023-09-25 09:01:03,725 - Using logger class org.apache.velocity.runtime.log.Log4JLogChute
2023-09-25 09:01:03,740 - ResourceLoader instantiated: org.apache.velocity.runtime.resource.loader.FileResourceLoader
2023-09-25 09:01:03,740 - Do unicode file recognition:  false
2023-09-25 09:01:03,740 - FileResourceLoader : adding path '.'
2023-09-25 09:01:03,740 - ResourceLoader instantiated: org.apache.velocity.runtime.resource.loader.ClasspathResourceLoader
2023-09-25 09:01:03,752 - ResourceCache: initialized (class org.apache.velocity.runtime.resource.ResourceCacheImpl) with class java.util.Collections$SynchronizedMap cache map.
2023-09-25 09:01:03,752 - Loaded System Directive: org.apache.velocity.runtime.directive.Stop
2023-09-25 09:01:03,756 - Loaded System Directive: org.apache.velocity.runtime.directive.Define
2023-09-25 09:01:03,756 - Loaded System Directive: org.apache.velocity.runtime.directive.Break
2023-09-25 09:01:03,756 - Loaded System Directive: org.apache.velocity.runtime.directive.Evaluate
2023-09-25 09:01:03,756 - Loaded System Directive: org.apache.velocity.runtime.directive.Literal
2023-09-25 09:01:03,756 - Loaded System Directive: org.apache.velocity.runtime.directive.Macro
2023-09-25 09:01:03,756 - Loaded System Directive: org.apache.velocity.runtime.directive.Parse
2023-09-25 09:01:03,756 - Loaded System Directive: org.apache.velocity.runtime.directive.Include
2023-09-25 09:01:03,756 - Loaded System Directive: org.apache.velocity.runtime.directive.Foreach
2023-09-25 09:01:03,772 - Created '20' parsers.
2023-09-25 09:01:03,783 - Velocimacro : "velocimacro.library" is not set.  Trying default library: VM_global_library.vm
2023-09-25 09:01:03,783 - Could not load resource 'VM_global_library.vm' from ResourceLoader org.apache.velocity.runtime.resource.loader.ClasspathResourceLoader: ClasspathResourceLoader Error: cannot find resource VM_global_library.vm
2023-09-25 09:01:03,783 - Velocimacro : Default library not found.
2023-09-25 09:01:03,783 - Velocimacro : allowInline = true : VMs can be defined inline in templates
2023-09-25 09:01:03,783 - Velocimacro : allowInlineToOverride = false : VMs defined inline may NOT replace previous VM definitions
2023-09-25 09:01:03,783 - Velocimacro : allowInlineLocal = false : VMs defined inline will be global in scope if allowed.
2023-09-25 09:01:03,783 - Velocimacro : autoload off : VM system will not automatically reload global library macros
2023-09-25 09:01:03,788 - Log4JLogChute initialized using file 'velocity.log'
2023-09-25 09:01:03,788 - Log4JLogChute initialized using file 'velocity.log'
2023-09-25 09:01:03,788 - Initializing Velocity, Calling init()...
2023-09-25 09:01:03,788 - Initializing Velocity, Calling init()...
2023-09-25 09:01:03,788 - Starting Apache Velocity v1.7 (compiled: 2010-11-19 12:14:37)
2023-09-25 09:01:03,788 - Starting Apache Velocity v1.7 (compiled: 2010-11-19 12:14:37)
2023-09-25 09:01:03,788 - Default Properties File: org\apache\velocity\runtime\defaults\velocity.properties
2023-09-25 09:01:03,788 - Default Properties File: org\apache\velocity\runtime\defaults\velocity.properties
2023-09-25 09:01:03,788 - Trying to use logger class org.apache.velocity.runtime.log.AvalonLogChute
2023-09-25 09:01:03,788 - Trying to use logger class org.apache.velocity.runtime.log.AvalonLogChute
2023-09-25 09:01:03,788 - Target log system for org.apache.velocity.runtime.log.AvalonLogChute is not available (java.lang.NoClassDefFoundError: org/apache/log/format/Formatter).  Falling back to next log system...
2023-09-25 09:01:03,788 - Target log system for org.apache.velocity.runtime.log.AvalonLogChute is not available (java.lang.NoClassDefFoundError: org/apache/log/format/Formatter).  Falling back to next log system...
2023-09-25 09:01:03,788 - Trying to use logger class org.apache.velocity.runtime.log.Log4JLogChute
2023-09-25 09:01:03,788 - Trying to use logger class org.apache.velocity.runtime.log.Log4JLogChute
2023-09-25 09:01:03,788 - Using logger class org.apache.velocity.runtime.log.Log4JLogChute
2023-09-25 09:01:03,788 - Using logger class org.apache.velocity.runtime.log.Log4JLogChute
2023-09-25 09:01:03,788 - ResourceLoader instantiated: org.apache.velocity.runtime.resource.loader.FileResourceLoader
2023-09-25 09:01:03,788 - ResourceLoader instantiated: org.apache.velocity.runtime.resource.loader.FileResourceLoader
2023-09-25 09:01:03,788 - Do unicode file recognition:  false
2023-09-25 09:01:03,788 - Do unicode file recognition:  false
2023-09-25 09:01:03,788 - FileResourceLoader : adding path '.'
2023-09-25 09:01:03,788 - FileResourceLoader : adding path '.'
2023-09-25 09:01:03,788 - ResourceLoader instantiated: org.apache.velocity.runtime.resource.loader.ClasspathResourceLoader
2023-09-25 09:01:03,788 - ResourceLoader instantiated: org.apache.velocity.runtime.resource.loader.ClasspathResourceLoader
2023-09-25 09:01:03,788 - ResourceCache: initialized (class org.apache.velocity.runtime.resource.ResourceCacheImpl) with class java.util.Collections$SynchronizedMap cache map.
2023-09-25 09:01:03,788 - ResourceCache: initialized (class org.apache.velocity.runtime.resource.ResourceCacheImpl) with class java.util.Collections$SynchronizedMap cache map.
2023-09-25 09:01:03,788 - Loaded System Directive: org.apache.velocity.runtime.directive.Stop
2023-09-25 09:01:03,788 - Loaded System Directive: org.apache.velocity.runtime.directive.Stop
2023-09-25 09:01:03,788 - Loaded System Directive: org.apache.velocity.runtime.directive.Define
2023-09-25 09:01:03,788 - Loaded System Directive: org.apache.velocity.runtime.directive.Define
2023-09-25 09:01:03,788 - Loaded System Directive: org.apache.velocity.runtime.directive.Break
2023-09-25 09:01:03,788 - Loaded System Directive: org.apache.velocity.runtime.directive.Break
2023-09-25 09:01:03,788 - Loaded System Directive: org.apache.velocity.runtime.directive.Evaluate
2023-09-25 09:01:03,788 - Loaded System Directive: org.apache.velocity.runtime.directive.Evaluate
2023-09-25 09:01:03,788 - Loaded System Directive: org.apache.velocity.runtime.directive.Literal
2023-09-25 09:01:03,788 - Loaded System Directive: org.apache.velocity.runtime.directive.Literal
2023-09-25 09:01:03,788 - Loaded System Directive: org.apache.velocity.runtime.directive.Macro
2023-09-25 09:01:03,788 - Loaded System Directive: org.apache.velocity.runtime.directive.Macro
2023-09-25 09:01:03,788 - Loaded System Directive: org.apache.velocity.runtime.directive.Parse
2023-09-25 09:01:03,788 - Loaded System Directive: org.apache.velocity.runtime.directive.Parse
2023-09-25 09:01:03,788 - Loaded System Directive: org.apache.velocity.runtime.directive.Include
2023-09-25 09:01:03,788 - Loaded System Directive: org.apache.velocity.runtime.directive.Include
2023-09-25 09:01:03,788 - Loaded System Directive: org.apache.velocity.runtime.directive.Foreach
2023-09-25 09:01:03,788 - Loaded System Directive: org.apache.velocity.runtime.directive.Foreach
2023-09-25 09:01:03,788 - Created '20' parsers.
2023-09-25 09:01:03,788 - Created '20' parsers.
2023-09-25 09:01:03,788 - Velocimacro : "velocimacro.library" is not set.  Trying default library: VM_global_library.vm
2023-09-25 09:01:03,788 - Velocimacro : "velocimacro.library" is not set.  Trying default library: VM_global_library.vm
2023-09-25 09:01:03,788 - Could not load resource 'VM_global_library.vm' from ResourceLoader org.apache.velocity.runtime.resource.loader.ClasspathResourceLoader: ClasspathResourceLoader Error: cannot find resource VM_global_library.vm
2023-09-25 09:01:03,788 - Could not load resource 'VM_global_library.vm' from ResourceLoader org.apache.velocity.runtime.resource.loader.ClasspathResourceLoader: ClasspathResourceLoader Error: cannot find resource VM_global_library.vm
2023-09-25 09:01:03,788 - Velocimacro : Default library not found.
2023-09-25 09:01:03,788 - Velocimacro : Default library not found.
2023-09-25 09:01:03,788 - Velocimacro : allowInline = true : VMs can be defined inline in templates
2023-09-25 09:01:03,788 - Velocimacro : allowInline = true : VMs can be defined inline in templates
2023-09-25 09:01:03,788 - Velocimacro : allowInlineToOverride = false : VMs defined inline may NOT replace previous VM definitions
2023-09-25 09:01:03,788 - Velocimacro : allowInlineToOverride = false : VMs defined inline may NOT replace previous VM definitions
2023-09-25 09:01:03,788 - Velocimacro : allowInlineLocal = false : VMs defined inline will be global in scope if allowed.
2023-09-25 09:01:03,788 - Velocimacro : allowInlineLocal = false : VMs defined inline will be global in scope if allowed.
2023-09-25 09:01:03,788 - Velocimacro : autoload off : VM system will not automatically reload global library macros
2023-09-25 09:01:03,788 - Velocimacro : autoload off : VM system will not automatically reload global library macros
2023-09-25 09:09:02,126 - Log4JLogChute initialized using file 'velocity.log'
2023-09-25 09:09:02,126 - Initializing Velocity, Calling init()...
2023-09-25 09:09:02,126 - Starting Apache Velocity v1.7 (compiled: 2010-11-19 12:14:37)
2023-09-25 09:09:02,126 - Default Properties File: org\apache\velocity\runtime\defaults\velocity.properties
2023-09-25 09:09:02,126 - Trying to use logger class org.apache.velocity.runtime.log.AvalonLogChute
2023-09-25 09:09:02,126 - Target log system for org.apache.velocity.runtime.log.AvalonLogChute is not available (java.lang.NoClassDefFoundError: org/apache/log/format/Formatter).  Falling back to next log system...
2023-09-25 09:09:02,126 - Trying to use logger class org.apache.velocity.runtime.log.Log4JLogChute
2023-09-25 09:09:02,126 - Using logger class org.apache.velocity.runtime.log.Log4JLogChute
2023-09-25 09:09:02,126 - ResourceLoader instantiated: org.apache.velocity.runtime.resource.loader.FileResourceLoader
2023-09-25 09:09:02,126 - Do unicode file recognition:  false
2023-09-25 09:09:02,126 - FileResourceLoader : adding path '.'
2023-09-25 09:09:02,126 - ResourceLoader instantiated: org.apache.velocity.runtime.resource.loader.ClasspathResourceLoader
2023-09-25 09:09:02,126 - ResourceCache: initialized (class org.apache.velocity.runtime.resource.ResourceCacheImpl) with class java.util.Collections$SynchronizedMap cache map.
2023-09-25 09:09:02,142 - Loaded System Directive: org.apache.velocity.runtime.directive.Stop
2023-09-25 09:09:02,142 - Loaded System Directive: org.apache.velocity.runtime.directive.Define
2023-09-25 09:09:02,142 - Loaded System Directive: org.apache.velocity.runtime.directive.Break
2023-09-25 09:09:02,142 - Loaded System Directive: org.apache.velocity.runtime.directive.Evaluate
2023-09-25 09:09:02,142 - Loaded System Directive: org.apache.velocity.runtime.directive.Literal
2023-09-25 09:09:02,142 - Loaded System Directive: org.apache.velocity.runtime.directive.Macro
2023-09-25 09:09:02,142 - Loaded System Directive: org.apache.velocity.runtime.directive.Parse
2023-09-25 09:09:02,146 - Loaded System Directive: org.apache.velocity.runtime.directive.Include
2023-09-25 09:09:02,146 - Loaded System Directive: org.apache.velocity.runtime.directive.Foreach
2023-09-25 09:09:02,158 - Created '20' parsers.
2023-09-25 09:09:02,158 - Velocimacro : "velocimacro.library" is not set.  Trying default library: VM_global_library.vm
2023-09-25 09:09:02,158 - Could not load resource 'VM_global_library.vm' from ResourceLoader org.apache.velocity.runtime.resource.loader.ClasspathResourceLoader: ClasspathResourceLoader Error: cannot find resource VM_global_library.vm
2023-09-25 09:09:02,158 - Velocimacro : Default library not found.
2023-09-25 09:09:02,158 - Velocimacro : allowInline = true : VMs can be defined inline in templates
2023-09-25 09:09:02,158 - Velocimacro : allowInlineToOverride = false : VMs defined inline may NOT replace previous VM definitions
2023-09-25 09:09:02,158 - Velocimacro : allowInlineLocal = false : VMs defined inline will be global in scope if allowed.
2023-09-25 09:09:02,158 - Velocimacro : autoload off : VM system will not automatically reload global library macros
2023-09-25 09:09:02,173 - Log4JLogChute initialized using file 'velocity.log'
2023-09-25 09:09:02,173 - Log4JLogChute initialized using file 'velocity.log'
2023-09-25 09:09:02,173 - Initializing Velocity, Calling init()...
2023-09-25 09:09:02,173 - Initializing Velocity, Calling init()...
2023-09-25 09:09:02,173 - Starting Apache Velocity v1.7 (compiled: 2010-11-19 12:14:37)
2023-09-25 09:09:02,173 - Starting Apache Velocity v1.7 (compiled: 2010-11-19 12:14:37)
2023-09-25 09:09:02,173 - Default Properties File: org\apache\velocity\runtime\defaults\velocity.properties
2023-09-25 09:09:02,173 - Default Properties File: org\apache\velocity\runtime\defaults\velocity.properties
2023-09-25 09:09:02,173 - Trying to use logger class org.apache.velocity.runtime.log.AvalonLogChute
2023-09-25 09:09:02,173 - Trying to use logger class org.apache.velocity.runtime.log.AvalonLogChute
2023-09-25 09:09:02,173 - Target log system for org.apache.velocity.runtime.log.AvalonLogChute is not available (java.lang.NoClassDefFoundError: org/apache/log/format/Formatter).  Falling back to next log system...
2023-09-25 09:09:02,173 - Target log system for org.apache.velocity.runtime.log.AvalonLogChute is not available (java.lang.NoClassDefFoundError: org/apache/log/format/Formatter).  Falling back to next log system...
2023-09-25 09:09:02,173 - Trying to use logger class org.apache.velocity.runtime.log.Log4JLogChute
2023-09-25 09:09:02,173 - Trying to use logger class org.apache.velocity.runtime.log.Log4JLogChute
2023-09-25 09:09:02,173 - Using logger class org.apache.velocity.runtime.log.Log4JLogChute
2023-09-25 09:09:02,173 - Using logger class org.apache.velocity.runtime.log.Log4JLogChute
2023-09-25 09:09:02,173 - ResourceLoader instantiated: org.apache.velocity.runtime.resource.loader.FileResourceLoader
2023-09-25 09:09:02,173 - ResourceLoader instantiated: org.apache.velocity.runtime.resource.loader.FileResourceLoader
2023-09-25 09:09:02,173 - Do unicode file recognition:  false
2023-09-25 09:09:02,173 - Do unicode file recognition:  false
2023-09-25 09:09:02,173 - FileResourceLoader : adding path '.'
2023-09-25 09:09:02,173 - FileResourceLoader : adding path '.'
2023-09-25 09:09:02,173 - ResourceLoader instantiated: org.apache.velocity.runtime.resource.loader.ClasspathResourceLoader
2023-09-25 09:09:02,173 - ResourceLoader instantiated: org.apache.velocity.runtime.resource.loader.ClasspathResourceLoader
2023-09-25 09:09:02,173 - ResourceCache: initialized (class org.apache.velocity.runtime.resource.ResourceCacheImpl) with class java.util.Collections$SynchronizedMap cache map.
2023-09-25 09:09:02,173 - ResourceCache: initialized (class org.apache.velocity.runtime.resource.ResourceCacheImpl) with class java.util.Collections$SynchronizedMap cache map.
2023-09-25 09:09:02,173 - Loaded System Directive: org.apache.velocity.runtime.directive.Stop
2023-09-25 09:09:02,173 - Loaded System Directive: org.apache.velocity.runtime.directive.Stop
2023-09-25 09:09:02,173 - Loaded System Directive: org.apache.velocity.runtime.directive.Define
2023-09-25 09:09:02,173 - Loaded System Directive: org.apache.velocity.runtime.directive.Define
2023-09-25 09:09:02,173 - Loaded System Directive: org.apache.velocity.runtime.directive.Break
2023-09-25 09:09:02,173 - Loaded System Directive: org.apache.velocity.runtime.directive.Break
2023-09-25 09:09:02,173 - Loaded System Directive: org.apache.velocity.runtime.directive.Evaluate
2023-09-25 09:09:02,173 - Loaded System Directive: org.apache.velocity.runtime.directive.Evaluate
2023-09-25 09:09:02,173 - Loaded System Directive: org.apache.velocity.runtime.directive.Literal
2023-09-25 09:09:02,173 - Loaded System Directive: org.apache.velocity.runtime.directive.Literal
2023-09-25 09:09:02,173 - Loaded System Directive: org.apache.velocity.runtime.directive.Macro
2023-09-25 09:09:02,173 - Loaded System Directive: org.apache.velocity.runtime.directive.Macro
2023-09-25 09:09:02,173 - Loaded System Directive: org.apache.velocity.runtime.directive.Parse
2023-09-25 09:09:02,173 - Loaded System Directive: org.apache.velocity.runtime.directive.Parse
2023-09-25 09:09:02,173 - Loaded System Directive: org.apache.velocity.runtime.directive.Include
2023-09-25 09:09:02,173 - Loaded System Directive: org.apache.velocity.runtime.directive.Include
2023-09-25 09:09:02,173 - Loaded System Directive: org.apache.velocity.runtime.directive.Foreach
2023-09-25 09:09:02,173 - Loaded System Directive: org.apache.velocity.runtime.directive.Foreach
2023-09-25 09:09:02,173 - Created '20' parsers.
2023-09-25 09:09:02,173 - Created '20' parsers.
2023-09-25 09:09:02,173 - Velocimacro : "velocimacro.library" is not set.  Trying default library: VM_global_library.vm
2023-09-25 09:09:02,173 - Velocimacro : "velocimacro.library" is not set.  Trying default library: VM_global_library.vm
2023-09-25 09:09:02,173 - Could not load resource 'VM_global_library.vm' from ResourceLoader org.apache.velocity.runtime.resource.loader.ClasspathResourceLoader: ClasspathResourceLoader Error: cannot find resource VM_global_library.vm
2023-09-25 09:09:02,173 - Could not load resource 'VM_global_library.vm' from ResourceLoader org.apache.velocity.runtime.resource.loader.ClasspathResourceLoader: ClasspathResourceLoader Error: cannot find resource VM_global_library.vm
2023-09-25 09:09:02,173 - Velocimacro : Default library not found.
2023-09-25 09:09:02,173 - Velocimacro : Default library not found.
2023-09-25 09:09:02,173 - Velocimacro : allowInline = true : VMs can be defined inline in templates
2023-09-25 09:09:02,173 - Velocimacro : allowInline = true : VMs can be defined inline in templates
2023-09-25 09:09:02,173 - Velocimacro : allowInlineToOverride = false : VMs defined inline may NOT replace previous VM definitions
2023-09-25 09:09:02,173 - Velocimacro : allowInlineToOverride = false : VMs defined inline may NOT replace previous VM definitions
2023-09-25 09:09:02,173 - Velocimacro : allowInlineLocal = false : VMs defined inline will be global in scope if allowed.
2023-09-25 09:09:02,173 - Velocimacro : allowInlineLocal = false : VMs defined inline will be global in scope if allowed.
2023-09-25 09:09:02,173 - Velocimacro : autoload off : VM system will not automatically reload global library macros
2023-09-25 09:09:02,173 - Velocimacro : autoload off : VM system will not automatically reload global library macros
